  Determining projects to restore...
C:\Users\Tanmay Karangutkar\Desktop\finaldotnet\etour-backend\Etour_Backend_dotnet.csproj : warning NU1701: Package 'Razorpay 3.0.2' was restored using '.NETFramework,Version=v4.6.1, .NETFramework,Version=v4.6.2, .NETFramework,Version=v4.7, .NETFramework,Version=v4.7.1, .NETFramework,Version=v4.7.2, .NETFramework,Version=v4.8, .NETFramework,Version=v4.8.1' instead of the project target framework 'net8.0'. This package may not be fully compatible with your project. [C:\Users\Tanmay Karangutkar\Desktop\finaldotnet\etour-backend\Etour_Backend_dotnet.Tests\Etour_Backend_dotnet.Tests.csproj]
C:\Users\Tanmay Karangutkar\Desktop\finaldotnet\etour-backend\Etour_Backend_dotnet.Tests\Etour_Backend_dotnet.Tests.csproj : warning NU1701: Package 'Razorpay 3.0.2' was restored using '.NETFramework,Version=v4.6.1, .NETFramework,Version=v4.6.2, .NETFramework,Version=v4.7, .NETFramework,Version=v4.7.1, .NETFramework,Version=v4.7.2, .NETFramework,Version=v4.8, .NETFramework,Version=v4.8.1' instead of the project target framework 'net8.0'. This package may not be fully compatible with your project.
  All projects are up-to-date for restore.
C:\Users\Tanmay Karangutkar\Desktop\finaldotnet\etour-backend\Etour_Backend_dotnet.Tests\Etour_Backend_dotnet.Tests.csproj : warning NU1701: Package 'Razorpay 3.0.2' was restored using '.NETFramework,Version=v4.6.1, .NETFramework,Version=v4.6.2, .NETFramework,Version=v4.7, .NETFramework,Version=v4.7.1, .NETFramework,Version=v4.7.2, .NETFramework,Version=v4.8, .NETFramework,Version=v4.8.1' instead of the project target framework 'net8.0'. This package may not be fully compatible with your project.
C:\Users\Tanmay Karangutkar\Desktop\finaldotnet\etour-backend\Etour_Backend_dotnet.csproj : warning NU1701: Package 'Razorpay 3.0.2' was restored using '.NETFramework,Version=v4.6.1, .NETFramework,Version=v4.6.2, .NETFramework,Version=v4.7, .NETFramework,Version=v4.7.1, .NETFramework,Version=v4.7.2, .NETFramework,Version=v4.8, .NETFramework,Version=v4.8.1' instead of the project target framework 'net8.0'. This package may not be fully compatible with your project.
C:\Users\Tanmay Karangutkar\Desktop\finaldotnet\etour-backend\Etour_Backend_dotnet.Tests\obj\Debug\net8.0\Etour_Backend_dotnet.Tests.GlobalUsings.g.cs(9,22): error CS0400: The type or namespace name 'Xunit' could not be found in the global namespace (are you missing an assembly reference?) [C:\Users\Tanmay Karangutkar\Desktop\finaldotnet\etour-backend\Etour_Backend_dotnet.csproj]
C:\Users\Tanmay Karangutkar\Desktop\finaldotnet\etour-backend\Etour_Backend_dotnet.Tests\PassengerServiceTests.cs(4,7): error CS0246: The type or namespace name 'Xunit' could not be found (are you missing a using directive or an assembly reference?) [C:\Users\Tanmay Karangutkar\Desktop\finaldotnet\etour-backend\Etour_Backend_dotnet.csproj]
C:\Users\Tanmay Karangutkar\Desktop\finaldotnet\etour-backend\Etour_Backend_dotnet.Tests\PassengerServiceTests.cs(20,6): error CS0246: The type or namespace name 'FactAttribute' could not be found (are you missing a using directive or an assembly reference?) [C:\Users\Tanmay Karangutkar\Desktop\finaldotnet\etour-backend\Etour_Backend_dotnet.csproj]
C:\Users\Tanmay Karangutkar\Desktop\finaldotnet\etour-backend\Etour_Backend_dotnet.Tests\PassengerServiceTests.cs(20,6): error CS0246: The type or namespace name 'Fact' could not be found (are you missing a using directive or an assembly reference?) [C:\Users\Tanmay Karangutkar\Desktop\finaldotnet\etour-backend\Etour_Backend_dotnet.csproj]
C:\Users\Tanmay Karangutkar\Desktop\finaldotnet\etour-backend\Etour_Backend_dotnet.Tests\PassengerServiceTests.cs(46,6): error CS0246: The type or namespace name 'FactAttribute' could not be found (are you missing a using directive or an assembly reference?) [C:\Users\Tanmay Karangutkar\Desktop\finaldotnet\etour-backend\Etour_Backend_dotnet.csproj]
C:\Users\Tanmay Karangutkar\Desktop\finaldotnet\etour-backend\Etour_Backend_dotnet.Tests\PassengerServiceTests.cs(46,6): error CS0246: The type or namespace name 'Fact' could not be found (are you missing a using directive or an assembly reference?) [C:\Users\Tanmay Karangutkar\Desktop\finaldotnet\etour-backend\Etour_Backend_dotnet.csproj]
C:\Users\Tanmay Karangutkar\Desktop\finaldotnet\etour-backend\Etour_Backend_dotnet.Tests\PassengerServiceTests.cs(73,6): error CS0246: The type or namespace name 'FactAttribute' could not be found (are you missing a using directive or an assembly reference?) [C:\Users\Tanmay Karangutkar\Desktop\finaldotnet\etour-backend\Etour_Backend_dotnet.csproj]
C:\Users\Tanmay Karangutkar\Desktop\finaldotnet\etour-backend\Etour_Backend_dotnet.Tests\PassengerServiceTests.cs(73,6): error CS0246: The type or namespace name 'Fact' could not be found (are you missing a using directive or an assembly reference?) [C:\Users\Tanmay Karangutkar\Desktop\finaldotnet\etour-backend\Etour_Backend_dotnet.csproj]
C:\Users\Tanmay Karangutkar\Desktop\finaldotnet\etour-backend\Etour_Backend_dotnet.Tests\PassengerServiceTests.cs(97,6): error CS0246: The type or namespace name 'FactAttribute' could not be found (are you missing a using directive or an assembly reference?) [C:\Users\Tanmay Karangutkar\Desktop\finaldotnet\etour-backend\Etour_Backend_dotnet.csproj]
C:\Users\Tanmay Karangutkar\Desktop\finaldotnet\etour-backend\Etour_Backend_dotnet.Tests\PassengerServiceTests.cs(97,6): error CS0246: The type or namespace name 'Fact' could not be found (are you missing a using directive or an assembly reference?) [C:\Users\Tanmay Karangutkar\Desktop\finaldotnet\etour-backend\Etour_Backend_dotnet.csproj]
C:\Users\Tanmay Karangutkar\Desktop\finaldotnet\etour-backend\Etour_Backend_dotnet.Tests\UnitTest1.cs(5,6): error CS0246: The type or namespace name 'FactAttribute' could not be found (are you missing a using directive or an assembly reference?) [C:\Users\Tanmay Karangutkar\Desktop\finaldotnet\etour-backend\Etour_Backend_dotnet.csproj]
C:\Users\Tanmay Karangutkar\Desktop\finaldotnet\etour-backend\Etour_Backend_dotnet.Tests\UnitTest1.cs(5,6): error CS0246: The type or namespace name 'Fact' could not be found (are you missing a using directive or an assembly reference?) [C:\Users\Tanmay Karangutkar\Desktop\finaldotnet\etour-backend\Etour_Backend_dotnet.csproj]
C:\Users\Tanmay Karangutkar\Desktop\finaldotnet\etour-backend\Models\payment.cs(6,22): warning CS8981: The type name 'payment' only contains lower-cased ascii characters. Such names may become reserved for the language. [C:\Users\Tanmay Karangutkar\Desktop\finaldotnet\etour-backend\Etour_Backend_dotnet.csproj]

Build FAILED.

C:\Users\Tanmay Karangutkar\Desktop\finaldotnet\etour-backend\Etour_Backend_dotnet.csproj : warning NU1701: Package 'Razorpay 3.0.2' was restored using '.NETFramework,Version=v4.6.1, .NETFramework,Version=v4.6.2, .NETFramework,Version=v4.7, .NETFramework,Version=v4.7.1, .NETFramework,Version=v4.7.2, .NETFramework,Version=v4.8, .NETFramework,Version=v4.8.1' instead of the project target framework 'net8.0'. This package may not be fully compatible with your project. [C:\Users\Tanmay Karangutkar\Desktop\finaldotnet\etour-backend\Etour_Backend_dotnet.Tests\Etour_Backend_dotnet.Tests.csproj]
C:\Users\Tanmay Karangutkar\Desktop\finaldotnet\etour-backend\Etour_Backend_dotnet.Tests\Etour_Backend_dotnet.Tests.csproj : warning NU1701: Package 'Razorpay 3.0.2' was restored using '.NETFramework,Version=v4.6.1, .NETFramework,Version=v4.6.2, .NETFramework,Version=v4.7, .NETFramework,Version=v4.7.1, .NETFramework,Version=v4.7.2, .NETFramework,Version=v4.8, .NETFramework,Version=v4.8.1' instead of the project target framework 'net8.0'. This package may not be fully compatible with your project.
C:\Users\Tanmay Karangutkar\Desktop\finaldotnet\etour-backend\Etour_Backend_dotnet.Tests\Etour_Backend_dotnet.Tests.csproj : warning NU1701: Package 'Razorpay 3.0.2' was restored using '.NETFramework,Version=v4.6.1, .NETFramework,Version=v4.6.2, .NETFramework,Version=v4.7, .NETFramework,Version=v4.7.1, .NETFramework,Version=v4.7.2, .NETFramework,Version=v4.8, .NETFramework,Version=v4.8.1' instead of the project target framework 'net8.0'. This package may not be fully compatible with your project.
C:\Users\Tanmay Karangutkar\Desktop\finaldotnet\etour-backend\Etour_Backend_dotnet.csproj : warning NU1701: Package 'Razorpay 3.0.2' was restored using '.NETFramework,Version=v4.6.1, .NETFramework,Version=v4.6.2, .NETFramework,Version=v4.7, .NETFramework,Version=v4.7.1, .NETFramework,Version=v4.7.2, .NETFramework,Version=v4.8, .NETFramework,Version=v4.8.1' instead of the project target framework 'net8.0'. This package may not be fully compatible with your project.
C:\Users\Tanmay Karangutkar\Desktop\finaldotnet\etour-backend\Models\payment.cs(6,22): warning CS8981: The type name 'payment' only contains lower-cased ascii characters. Such names may become reserved for the language. [C:\Users\Tanmay Karangutkar\Desktop\finaldotnet\etour-backend\Etour_Backend_dotnet.csproj]
C:\Users\Tanmay Karangutkar\Desktop\finaldotnet\etour-backend\Etour_Backend_dotnet.Tests\obj\Debug\net8.0\Etour_Backend_dotnet.Tests.GlobalUsings.g.cs(9,22): error CS0400: The type or namespace name 'Xunit' could not be found in the global namespace (are you missing an assembly reference?) [C:\Users\Tanmay Karangutkar\Desktop\finaldotnet\etour-backend\Etour_Backend_dotnet.csproj]
C:\Users\Tanmay Karangutkar\Desktop\finaldotnet\etour-backend\Etour_Backend_dotnet.Tests\PassengerServiceTests.cs(4,7): error CS0246: The type or namespace name 'Xunit' could not be found (are you missing a using directive or an assembly reference?) [C:\Users\Tanmay Karangutkar\Desktop\finaldotnet\etour-backend\Etour_Backend_dotnet.csproj]
C:\Users\Tanmay Karangutkar\Desktop\finaldotnet\etour-backend\Etour_Backend_dotnet.Tests\PassengerServiceTests.cs(20,6): error CS0246: The type or namespace name 'FactAttribute' could not be found (are you missing a using directive or an assembly reference?) [C:\Users\Tanmay Karangutkar\Desktop\finaldotnet\etour-backend\Etour_Backend_dotnet.csproj]
C:\Users\Tanmay Karangutkar\Desktop\finaldotnet\etour-backend\Etour_Backend_dotnet.Tests\PassengerServiceTests.cs(20,6): error CS0246: The type or namespace name 'Fact' could not be found (are you missing a using directive or an assembly reference?) [C:\Users\Tanmay Karangutkar\Desktop\finaldotnet\etour-backend\Etour_Backend_dotnet.csproj]
C:\Users\Tanmay Karangutkar\Desktop\finaldotnet\etour-backend\Etour_Backend_dotnet.Tests\PassengerServiceTests.cs(46,6): error CS0246: The type or namespace name 'FactAttribute' could not be found (are you missing a using directive or an assembly reference?) [C:\Users\Tanmay Karangutkar\Desktop\finaldotnet\etour-backend\Etour_Backend_dotnet.csproj]
C:\Users\Tanmay Karangutkar\Desktop\finaldotnet\etour-backend\Etour_Backend_dotnet.Tests\PassengerServiceTests.cs(46,6): error CS0246: The type or namespace name 'Fact' could not be found (are you missing a using directive or an assembly reference?) [C:\Users\Tanmay Karangutkar\Desktop\finaldotnet\etour-backend\Etour_Backend_dotnet.csproj]
C:\Users\Tanmay Karangutkar\Desktop\finaldotnet\etour-backend\Etour_Backend_dotnet.Tests\PassengerServiceTests.cs(73,6): error CS0246: The type or namespace name 'FactAttribute' could not be found (are you missing a using directive or an assembly reference?) [C:\Users\Tanmay Karangutkar\Desktop\finaldotnet\etour-backend\Etour_Backend_dotnet.csproj]
C:\Users\Tanmay Karangutkar\Desktop\finaldotnet\etour-backend\Etour_Backend_dotnet.Tests\PassengerServiceTests.cs(73,6): error CS0246: The type or namespace name 'Fact' could not be found (are you missing a using directive or an assembly reference?) [C:\Users\Tanmay Karangutkar\Desktop\finaldotnet\etour-backend\Etour_Backend_dotnet.csproj]
C:\Users\Tanmay Karangutkar\Desktop\finaldotnet\etour-backend\Etour_Backend_dotnet.Tests\PassengerServiceTests.cs(97,6): error CS0246: The type or namespace name 'FactAttribute' could not be found (are you missing a using directive or an assembly reference?) [C:\Users\Tanmay Karangutkar\Desktop\finaldotnet\etour-backend\Etour_Backend_dotnet.csproj]
C:\Users\Tanmay Karangutkar\Desktop\finaldotnet\etour-backend\Etour_Backend_dotnet.Tests\PassengerServiceTests.cs(97,6): error CS0246: The type or namespace name 'Fact' could not be found (are you missing a using directive or an assembly reference?) [C:\Users\Tanmay Karangutkar\Desktop\finaldotnet\etour-backend\Etour_Backend_dotnet.csproj]
C:\Users\Tanmay Karangutkar\Desktop\finaldotnet\etour-backend\Etour_Backend_dotnet.Tests\UnitTest1.cs(5,6): error CS0246: The type or namespace name 'FactAttribute' could not be found (are you missing a using directive or an assembly reference?) [C:\Users\Tanmay Karangutkar\Desktop\finaldotnet\etour-backend\Etour_Backend_dotnet.csproj]
C:\Users\Tanmay Karangutkar\Desktop\finaldotnet\etour-backend\Etour_Backend_dotnet.Tests\UnitTest1.cs(5,6): error CS0246: The type or namespace name 'Fact' could not be found (are you missing a using directive or an assembly reference?) [C:\Users\Tanmay Karangutkar\Desktop\finaldotnet\etour-backend\Etour_Backend_dotnet.csproj]
    5 Warning(s)
    12 Error(s)

Time Elapsed 00:00:02.43

Workload updates are available. Run `dotnet workload list` for more information.
